<?xml version="1.0" encoding="UTF-8"?>
<!-- Generated by org.testng.reporters.JUnitReportReporter -->
<testsuite hostname="Erdi-Arf.local" failures="0" tests="1" name="io.cucumber.skeleton.RunCucumberTest" time="2.170" errors="0" timestamp="2023-04-08T12:12:42 TRT" skipped="0">
  <testcase classname="io.cucumber.skeleton.RunCucumberTest" name="runScenario" time="2.170"/>
  <system-out/>
</testsuite> <!-- io.cucumber.skeleton.RunCucumberTest -->
